<?xml version="1.0" encoding="UTF-8"?>
<!-- Generated by org.testng.reporters.JUnitReportReporter -->
<testsuite hostname="HVTNDAL0909" failures="0" tests="1" name="org.testing.testscripts.TC1" time="53.554" errors="0" timestamp="2023-07-31T23:08:05 IST" skipped="0">
  <testcase classname="org.testing.testscripts.TC1" name="video" time="53.554"/>
  <system-out/>
</testsuite> <!-- org.testing.testscripts.TC1 -->
