<?xml version="1.0" encoding="UTF-8"?>
<!-- Generated by org.testng.reporters.JUnitReportReporter -->
<testsuite hostname="HVTNDAL0909" failures="0" tests="1" name="org.testing.testscripts.TC2" time="29.501" errors="0" timestamp="2023-07-30T13:41:25 IST" skipped="0">
  <testcase classname="org.testing.testscripts.TC2" name="video" time="29.501"/>
  <system-out/>
</testsuite> <!-- org.testing.testscripts.TC2 -->
